0 info it worked if it ends with ok
1 verbose cli [ '/home/vagrant/.nvm/v0.10.40/bin/node',
1 verbose cli   '/home/vagrant/.nvm/v0.10.40/bin/npm',
1 verbose cli   'install',
1 verbose cli   '--save-dev',
1 verbose cli   'karma-chrome' ]
2 info using npm@1.4.28
3 info using node@v0.10.40
4 warn package.json skull@1.0.0 No repository field.
5 verbose readDependencies using package.json deps
6 verbose cache add [ 'karma-chrome', null ]
7 verbose cache add name=undefined spec="karma-chrome" args=["karma-chrome",null]
8 verbose parsed url { protocol: null,
8 verbose parsed url   slashes: null,
8 verbose parsed url   auth: null,
8 verbose parsed url   host: null,
8 verbose parsed url   port: null,
8 verbose parsed url   hostname: null,
8 verbose parsed url   hash: null,
8 verbose parsed url   search: null,
8 verbose parsed url   query: null,
8 verbose parsed url   pathname: 'karma-chrome',
8 verbose parsed url   path: 'karma-chrome',
8 verbose parsed url   href: 'karma-chrome' }
9 silly lockFile 6eae5831-karma-chrome karma-chrome
10 verbose lock karma-chrome /home/vagrant/.npm/6eae5831-karma-chrome.lock
11 silly lockFile 6eae5831-karma-chrome karma-chrome
12 silly lockFile 6eae5831-karma-chrome karma-chrome
13 verbose addNamed [ 'karma-chrome', '' ]
14 verbose addNamed [ null, '*' ]
15 silly lockFile 2e2f02bd-karma-chrome karma-chrome@
16 verbose lock karma-chrome@ /home/vagrant/.npm/2e2f02bd-karma-chrome.lock
17 silly addNameRange { name: 'karma-chrome', range: '*', hasData: false }
18 verbose request where is /karma-chrome
19 verbose request registry https://registry.npmjs.org/
20 verbose request id 1df6ab541d075088
21 verbose url raw /karma-chrome
22 verbose url resolving [ 'https://registry.npmjs.org/', './karma-chrome' ]
23 verbose url resolved https://registry.npmjs.org/karma-chrome
24 verbose request where is https://registry.npmjs.org/karma-chrome
25 info trying registry request attempt 1 at 05:36:54
26 http GET https://registry.npmjs.org/karma-chrome
27 http 404 https://registry.npmjs.org/karma-chrome
28 silly registry.get cb [ 404,
28 silly registry.get   { 'content-type': 'application/json',
28 silly registry.get     'cache-control': 'max-age=0',
28 silly registry.get     'content-length': '2',
28 silly registry.get     'accept-ranges': 'bytes',
28 silly registry.get     date: 'Sun, 25 Oct 2015 05:37:01 GMT',
28 silly registry.get     via: '1.1 varnish',
28 silly registry.get     age: '0',
28 silly registry.get     connection: 'keep-alive',
28 silly registry.get     'x-served-by': 'cache-jfk1029-JFK',
28 silly registry.get     'x-cache': 'MISS',
28 silly registry.get     'x-cache-hits': '0',
28 silly registry.get     'x-timer': 'S1445751421.020119,VS0,VE80' } ]
29 silly lockFile 2e2f02bd-karma-chrome karma-chrome@
30 silly lockFile 2e2f02bd-karma-chrome karma-chrome@
31 error 404 Not Found
31 error 404
31 error 404 'karma-chrome' is not in the npm registry.
31 error 404 You should bug the author to publish it
31 error 404 It was specified as a dependency of 'skull'
31 error 404
31 error 404 Note that you can also install from a
31 error 404 tarball, folder, or http url, or git url.
32 error System Linux 3.13.0-65-generic
33 error command "/home/vagrant/.nvm/v0.10.40/bin/node" "/home/vagrant/.nvm/v0.10.40/bin/npm" "install" "--save-dev" "karma-chrome"
34 error cwd /home/vagrant/projects/skulls
35 error node -v v0.10.40
36 error npm -v 1.4.28
37 error code E404
38 verbose exit [ 1, true ]
